<?xml version="1.0" encoding="UTF-8"?>
<testsuite name="OrderTest" tests="1" skipped="0" failures="0" errors="0" timestamp="2022-10-11T08:24:46" hostname="Yazans-MBP.attlocal.net" time="0.018">
  <properties/>
  <testcase name="validateOrder()" classname="OrderTest" time="0.018"/>
  <system-out><![CDATA[[]
]]></system-out>
  <system-err><![CDATA[]]></system-err>
</testsuite>
